2025-11-13 14:13:02 🔄 content.md изменён, публикую...
✅ Сгенерирован index.html (версия 1.0)
[master 7dde3e7] Auto: content.md updated [14:13:02]
 4 files changed, 59 insertions(+)
 create mode 100644 .watch.error.log
 create mode 100644 .watch.log
 create mode 100644 .watch.pid
 create mode 100755 watch_and_publish.sh
fatal: unable to access 'https://github.com/stasazaryarozet/olgaroset.ru.git/': LibreSSL SSL_connect: SSL_ERROR_SYSCALL in connection to github.com:443 
2025-11-13 14:13:33 ✅ Опубликовано на olgaroset.ru
2025-11-13 14:22:04 🔄 content.md изменён, публикую...
✅ Сгенерирован index.html (версия k)
[master 53bd8b6] Auto: content.md updated [14:22:05]
 2 files changed, 49 insertions(+)
To https://github.com/stasazaryarozet/olgaroset.ru.git
   adc09d1..53bd8b6  master -> main
2025-11-13 14:22:06 ✅ Опубликовано на olgaroset.ru
2025-11-13 14:25:25 🔄 content.md изменён, публикую...
✅ Сгенерирован index.html (версия k)
[master 25fb08b] Auto: content.md updated [14:25:25]
 2 files changed, 27 insertions(+)
To https://github.com/stasazaryarozet/olgaroset.ru.git
   53bd8b6..25fb08b  master -> main
2025-11-13 14:25:26 ✅ Опубликовано на olgaroset.ru
2025-11-13 14:41:48 🔄 content.md изменён, публикую...
✅ Сгенерирован index.html (версия k)
[master 6a9eed6] Auto: content.md updated [14:41:48]
 2 files changed, 105 insertions(+)
To https://github.com/stasazaryarozet/olgaroset.ru.git
   25fb08b..6a9eed6  master -> main
2025-11-13 14:41:49 ✅ Опубликовано на olgaroset.ru
2025-11-13 14:56:12 🔄 content.md изменён, публикую...
✅ Сгенерирован index.html (версия k)
